0,save_fixed_model_2/trial_-1.0_0.99_24884.h5,-20.89999999999999
1,save_fixed_model_2/trial_-1.0_0.99_24884.h5,-20.89999999999999
2,save_fixed_model_2/trial_-1.0_0.99_24884.h5,-20.89999999999999
3,save_fixed_model_2/trial_-1.0_0.99_24884.h5,-20.89999999999999
4,save_fixed_model_2/trial_-1.0_0.99_24884.h5,-20.89999999999999
5,save_fixed_model_2/trial_-1.0_0.99_24884.h5,-20.89999999999999
6,save_fixed_model_2/trial_-1.0_0.99_24884.h5,-20.89999999999999
7,save_fixed_model_2/trial_-1.0_0.99_24884.h5,-20.89999999999999
8,save_fixed_model_2/trial_-1.0_0.99_24884.h5,-20.89999999999999
9,save_fixed_model_2/trial_-1.0_0.99_24884.h5,-20.89999999999999
10,save_fixed_model_2/trial_-1.0_0.99_24884.h5,-20.89999999999999
11,save_fixed_model_2/trial_-1.0_0.99_24884.h5,-20.89999999999999
12,save_fixed_model_2/trial_-1.0_0.99_24884.h5,-20.89999999999999
13,save_fixed_model_2/trial_-1.0_0.99_24884.h5,-20.89999999999999
14,save_fixed_model_2/trial_-1.0_0.99_24884.h5,-20.89999999999999
15,save_fixed_model_2/trial_-1.0_0.99_24884.h5,-20.89999999999999
16,save_fixed_model_2/trial_-1.0_0.99_24884.h5,-20.89999999999999
17,save_fixed_model_2/trial_-1.0_0.99_24884.h5,-20.89999999999999
18,save_fixed_model_2/trial_-1.0_0.99_24884.h5,-20.89999999999999
19,save_fixed_model_2/trial_-1.0_0.99_24884.h5,-20.89999999999999
20,save_fixed_model_2/trial_-1.0_0.99_24884.h5,-20.89999999999999
21,save_fixed_model_2/trial_-1.0_0.99_24884.h5,-20.89999999999999
22,save_fixed_model_2/trial_-1.0_0.99_24884.h5,-20.89999999999999
23,save_fixed_model_2/trial_-1.0_0.99_24884.h5,-20.89999999999999
24,save_fixed_model_2/trial_-1.0_0.99_24884.h5,-20.89999999999999
