0,save_fixed_model_2/trial2_1.0_0.99_18584.h5,-32.39999999999995
1,save_fixed_model_2/trial2_1.0_0.99_18584.h5,-33.599999999999945
2,save_fixed_model_2/trial2_1.0_0.99_18584.h5,-34.29999999999994
3,save_fixed_model_2/trial2_1.0_0.99_18584.h5,-32.699999999999946
4,save_fixed_model_2/trial2_1.0_0.99_18584.h5,-74.8
5,save_fixed_model_2/trial2_1.0_0.99_18584.h5,-33.99999999999994
6,save_fixed_model_2/trial2_1.0_0.99_18584.h5,-34.89999999999994
7,save_fixed_model_2/trial2_1.0_0.99_18584.h5,-71.59999999999995
8,save_fixed_model_2/trial2_1.0_0.99_18584.h5,-34.79999999999994
9,save_fixed_model_2/trial2_1.0_0.99_18584.h5,-34.39999999999994
10,save_fixed_model_2/trial2_1.0_0.99_18584.h5,-34.29999999999994
11,save_fixed_model_2/trial2_1.0_0.99_18584.h5,-71.19999999999993
12,save_fixed_model_2/trial2_1.0_0.99_18584.h5,-32.89999999999995
13,save_fixed_model_2/trial2_1.0_0.99_18584.h5,-34.69999999999994
14,save_fixed_model_2/trial2_1.0_0.99_18584.h5,-34.099999999999945
15,save_fixed_model_2/trial2_1.0_0.99_18584.h5,-73.29999999999997
16,save_fixed_model_2/trial2_1.0_0.99_18584.h5,-34.49999999999994
17,save_fixed_model_2/trial2_1.0_0.99_18584.h5,-32.89999999999995
18,save_fixed_model_2/trial2_1.0_0.99_18584.h5,-106.20000000000043
19,save_fixed_model_2/trial2_1.0_0.99_18584.h5,-34.49999999999994
20,save_fixed_model_2/trial2_1.0_0.99_18584.h5,-32.09999999999995
21,save_fixed_model_2/trial2_1.0_0.99_18584.h5,-32.99999999999995
22,save_fixed_model_2/trial2_1.0_0.99_18584.h5,-35.19999999999994
23,save_fixed_model_2/trial2_1.0_0.99_18584.h5,-32.99999999999995
24,save_fixed_model_2/trial2_1.0_0.99_18584.h5,-35.39999999999994
