0,save_fixed_model/trial_0.0_0.99_15000.h5,-20.299999999999994
1,save_fixed_model/trial_0.0_0.99_15000.h5,-22.199999999999985
2,save_fixed_model/trial_0.0_0.99_15000.h5,-19.699999999999996
3,save_fixed_model/trial_0.0_0.99_15000.h5,-20.099999999999994
4,save_fixed_model/trial_0.0_0.99_15000.h5,-22.099999999999987
5,save_fixed_model/trial_0.0_0.99_15000.h5,-19.899999999999995
6,save_fixed_model/trial_0.0_0.99_15000.h5,-19.799999999999994
7,save_fixed_model/trial_0.0_0.99_15000.h5,-21.999999999999986
8,save_fixed_model/trial_0.0_0.99_15000.h5,-19.899999999999995
9,save_fixed_model/trial_0.0_0.99_15000.h5,-19.899999999999995
10,save_fixed_model/trial_0.0_0.99_15000.h5,-20.099999999999994
11,save_fixed_model/trial_0.0_0.99_15000.h5,-20.499999999999993
12,save_fixed_model/trial_0.0_0.99_15000.h5,-20.89999999999999
13,save_fixed_model/trial_0.0_0.99_15000.h5,-22.999999999999982
14,save_fixed_model/trial_0.0_0.99_15000.h5,-21.599999999999987
15,save_fixed_model/trial_0.0_0.99_15000.h5,-20.099999999999994
16,save_fixed_model/trial_0.0_0.99_15000.h5,-21.49999999999999
17,save_fixed_model/trial_0.0_0.99_15000.h5,-22.899999999999984
18,save_fixed_model/trial_0.0_0.99_15000.h5,-22.599999999999984
19,save_fixed_model/trial_0.0_0.99_15000.h5,-20.499999999999993
20,save_fixed_model/trial_0.0_0.99_15000.h5,-22.499999999999986
21,save_fixed_model/trial_0.0_0.99_15000.h5,-20.199999999999992
22,save_fixed_model/trial_0.0_0.99_15000.h5,-20.39999999999999
23,save_fixed_model/trial_0.0_0.99_15000.h5,-20.199999999999992
24,save_fixed_model/trial_0.0_0.99_15000.h5,-22.599999999999984
